{"D:\\Web Projects\\jsAvanceRcda14\\module_1\\demo3\\script.js": {"path":"D:\\Web Projects\\jsAvanceRcda14\\module_1\\demo3\\script.js","statementMap":{"0":{"start":{"line":2,"column":4},"end":{"line":2,"column":20}},"1":{"start":{"line":5,"column":0},"end":{"line":5,"column":25}}},"fnMap":{"0":{"name":"multiply","decl":{"start":{"line":1,"column":9},"end":{"line":1,"column":17}},"loc":{"start":{"line":1,"column":27},"end":{"line":3,"column":1}},"line":1}},"branchMap":{},"s":{"0":2,"1":1},"f":{"0":2},"b":{},"_coverageSchema":"1a1c01bbd47fc00a2c39e90264f33305004495a9","hash":"0173bd2567552a2a891debe8b56f2441715b7428"}
}
